<?xml version="1.0" encoding="utf-8" standalone="no"?>
<!--This file represents the results of running a test suite-->
<test-results name="C:\Projects\CarbonFitnessMikaelK\CarbonFitnessTest.nunit" total="1" errors="1" failures="0" not-run="0" inconclusive="0" ignored="0" skipped="0" invalid="0" date="2010-03-29" time="11:52:17">
  <environment nunit-version="2.5.3.9345" clr-version="2.0.50727.3603" os-version="Microsoft Windows NT 5.1.2600 Service Pack 3" platform="Win32NT" cwd="C:\Projects\CarbonFitnessMikaelK" machine-name="005-PLAN3" user="MikaelKjellqvist" user-domain="AVEGA" />
  <culture-info current-culture="sv-SE" current-uiculture="sv-SE" />
  <test-suite name="C:\Projects\CarbonFitnessMikaelK\CarbonFitnessTest.nunit" executed="True" success="False" time="0.578" asserts="0">
    <results>
      <test-suite name="CarbonFitnessTest" executed="True" success="False" time="0.578" asserts="0">
        <results>
          <test-suite name="DataLayer" executed="True" success="False" time="0.578" asserts="0">
            <results>
              <test-suite name="Repository" executed="True" success="False" time="0.578" asserts="0">
                <results>
                  <test-suite name="IngredientRepositoryTest" executed="True" success="False" time="0.562" asserts="0">
                    <results>
                      <test-case name="CarbonFitnessTest.DataLayer.Repository.IngredientRepositoryTest.shouldGetIngredientByName" executed="True" success="False" time="0.391" asserts="0">
                        <failure>
                          <message><![CDATA[NHibernate.Cfg.HibernateConfigException : An exception occurred during configuration of persistence layer.
  ----> System.IO.DirectoryNotFoundException : Could not find a part of the path 'C:\Projects\CarbonFitnessMikaelK\CarbonFitnessTest.Integration\bin\Debug;CarbonFitnessTest.App.Importer\bin\Debug;CarbonFitnessTest.App.Web\bin\Debug;CarbonFitnessTest.BusinessLogic\bin\Debug;CarbonFitnessTest.DataLayer\bin\Debug\hibernate.cfg.xml'.]]></message>
                          <stack-trace><![CDATA[at NHibernate.Cfg.ConfigurationSchema.HibernateConfiguration..ctor(XmlReader hbConfigurationReader, Boolean fromAppSetting)
at NHibernate.Cfg.ConfigurationSchema.HibernateConfiguration..ctor(XmlReader hbConfigurationReader)
at NHibernate.Cfg.Configuration.Configure(XmlReader textReader)
at NHibernate.Cfg.Configuration.Configure(String fileName, Boolean ignoreSessionFactoryConfig)
at NHibernate.Cfg.Configuration.Configure(String fileName)
at NHibernate.Cfg.Configuration.Configure()
at SharpArch.Data.NHibernate.NHibernateSession.ConfigureNHibernate(String cfgFile, IDictionary`2 cfgProperties)
at SharpArch.Data.NHibernate.NHibernateSession.AddConfiguration(String factoryKey, String[] mappingAssemblies, AutoPersistenceModel autoPersistenceModel, String cfgFile, IDictionary`2 cfgProperties, String validatorCfgFile, IPersistenceConfigurer persistenceConfigurer)
at SharpArch.Data.NHibernate.NHibernateSession.Init(ISessionStorage storage, String[] mappingAssemblies, AutoPersistenceModel autoPersistenceModel, String cfgFile, IDictionary`2 cfgProperties, String validatorCfgFile, IPersistenceConfigurer persistenceConfigurer)
at SharpArch.Data.NHibernate.NHibernateSession.Init(ISessionStorage storage, String[] mappingAssemblies, AutoPersistenceModel autoPersistenceModel)
at SharpArch.Testing.NHibernate.RepositoryTestsHelper.InitializeNHibernateSession()
at SharpArch.Testing.NHibernate.RepositoryTestsHelper.InitializeDatabase()
at SharpArch.Testing.NUnit.NHibernate.RepositoryTestsBase.SetUp()
--DirectoryNotFoundException
at System.IO.__Error.WinIOError(Int32 errorCode, String maybeFullPath)
at System.IO.FileStream.Init(String path, FileMode mode, FileAccess access, Int32 rights, Boolean useRights, FileShare share, Int32 bufferSize, FileOptions options, SECURITY_ATTRIBUTES secAttrs, String msgPath, Boolean bFromProxy)
at System.IO.FileStream..ctor(String path, FileMode mode, FileAccess access, FileShare share, Int32 bufferSize)
at System.Xml.XmlDownloadManager.GetStream(Uri uri, ICredentials credentials)
at System.Xml.XmlUrlResolver.GetEntity(Uri absoluteUri, String role, Type ofObjectToReturn)
at System.Xml.XmlTextReaderImpl.OpenUrlDelegate(Object xmlResolver)
at System.Threading.CompressedStack.runTryCode(Object userData)
at System.Runtime.CompilerServices.RuntimeHelpers.ExecuteCodeWithGuaranteedCleanup(TryCode code, CleanupCode backoutCode, Object userData)
at System.Threading.CompressedStack.Run(CompressedStack compressedStack, ContextCallback callback, Object state)
at System.Xml.XmlTextReaderImpl.OpenUrl()
at System.Xml.XmlTextReaderImpl.Read()
at System.Xml.XmlTextReader.Read()
at System.Xml.XmlCharCheckingReader.Read()
at System.Xml.XsdValidatingReader.Read()
at System.Xml.XPath.XPathDocument.LoadFromReader(XmlReader reader, XmlSpace space)
at System.Xml.XPath.XPathDocument..ctor(XmlReader reader, XmlSpace space)
at System.Xml.XPath.XPathDocument..ctor(XmlReader reader)
at NHibernate.Cfg.ConfigurationSchema.HibernateConfiguration..ctor(XmlReader hbConfigurationReader, Boolean fromAppSetting)
]]></stack-trace>
                        </failure>
                      </test-case>
                    </results>
                  </test-suite>
                </results>
              </test-suite>
            </results>
          </test-suite>
        </results>
      </test-suite>
    </results>
  </test-suite>
</test-results>