<?xml version="1.0" encoding="UTF-8"?>
<TestRun id="68f160bc-b13e-45ce-b755-9aa48cead360" name="Mikael Kjellqvist@KONSULTPC-O4 2010-02-03 15:36:51" runUser="AVEGA\Mikael Kjellqvist" xmlns="http://microsoft.com/schemas/VisualStudio/TeamTest/2006">
  <TestRunConfiguration name="Local Test Run" id="263b826b-195b-4e65-a471-0230468b937e">
    <Description>This is a default test run configuration for a local test run.</Description>
    <Deployment userDeploymentRoot="C:\Users\Mikael Kjellqvist\Documents\Visual Studio 2008\Projects\CarbonFitness\TestResults" useDefaultDeploymentRoot="false" runDeploymentRoot="C:\Users\Mikael Kjellqvist\Documents\Visual Studio 2008\Projects\CarbonFitness\TestResults\Mikael Kjellqvist_KONSULTPC-O4 2010-02-03 15_36_51">
      <DeploymentItem filename="C:\Users\Mikael Kjellqvist\Desktop\WatiN-2.0.20.1089-net-2.0\Bin\WatiN.Core.dll" />
      <DeploymentItem filename="C:\Users\Mikael Kjellqvist\Documents\Visual Studio 2008\Projects\CarbonFitness\CarbonFitness\bin\Debug\CarbonFitness.dll" />
    </Deployment>
    <TestTypeSpecific />
  </TestRunConfiguration>
  <ResultSummary outcome="Failed">
    <Counters total="1" executed="1" error="0" failed="1" timeout="0" aborted="0" inconclusive="0" passedButRunAborted="0" notRunnable="0" notExecuted="0" disconnected="0" warning="0" passed="0" completed="0" inProgress="0" pending="0" />
  </ResultSummary>
  <Times creation="2010-02-03T15:36:51.9209174+01:00" queuing="2010-02-03T15:36:52.2099174+01:00" start="2010-02-03T15:36:52.3889174+01:00" finish="2010-02-03T15:37:23.4002131+01:00" />
  <TestDefinitions>
    <UnitTest name="testCreateUser" storage="c:\users\mikael kjellqvist\documents\visual studio 2008\projects\carbonfitness\carbonfitnesstest\bin\debug\carbonfitnesstest.dll" id="c1831fc4-5849-5d6e-49e7-f6153823c110">
      <Css projectStructure="" iteration="" />
      <Owners>
        <Owner name="" />
      </Owners>
      <Execution id="50b5b70c-c9b1-46a4-aa47-7f0168f672c2" />
      <TestMethod codeBase="C:\Users\Mikael Kjellqvist\Documents\Visual Studio 2008\Projects\CarbonFitness\CarbonFitnessTest\bin\Debug\CarbonFitnessTest.dll" adapterTypeName="Microsoft.VisualStudio.TestTools.TestTypes.Unit.UnitTestAdapter, Microsoft.VisualStudio.QualityTools.Tips.UnitTest.Adapter, Version=9.0.0.0, Culture=neutral, PublicKeyToken=b03f5f7f11d50a3a" className="CarbonFitnessTest.CreateUserTest, CarbonFitnessTest" name="testCreateUser" />
    </UnitTest>
  </TestDefinitions>
  <TestLists>
    <TestList name="Results Not in a List" id="8c84fa94-04c1-424b-9868-57a2d4851a1d" />
    <TestList name="All Loaded Results" id="19431567-8539-422a-85d7-44ee4e166bda" />
  </TestLists>
  <TestEntries>
    <TestEntry testId="c1831fc4-5849-5d6e-49e7-f6153823c110" executionId="50b5b70c-c9b1-46a4-aa47-7f0168f672c2" testListId="8c84fa94-04c1-424b-9868-57a2d4851a1d" />
  </TestEntries>
  <Results>
    <UnitTestResult executionId="50b5b70c-c9b1-46a4-aa47-7f0168f672c2" testId="c1831fc4-5849-5d6e-49e7-f6153823c110" testName="testCreateUser" computerName="KONSULTPC-O4" duration="00:00:30.7572288" startTime="2010-02-03T15:36:52.4329174+01:00" endTime="2010-02-03T15:37:23.3552086+01:00" testType="13cdc9d9-ddb5-4fa4-a97d-d965ccfc6d4b" outcome="Failed" testListId="8c84fa94-04c1-424b-9868-57a2d4851a1d">
      <Output>
        <ErrorInfo>
          <Message>Test method CarbonFitnessTest.CreateUserTest.testCreateUser threw exception:  System.Runtime.InteropServices.COMException: The object invoked has disconnected from its clients. (Exception from HRESULT: 0x80010108 (RPC_E_DISCONNECTED)).</Message>
          <StackTrace>    at SHDocVw.InternetExplorerClass.get_Document()
   at WatiN.Core.Native.InternetExplorer.IEBrowser.get_NativeDocument()
   at WatiN.Core.Browser.OnGetNativeDocument()
   at WatiN.Core.DomContainer.get_NativeDocument()
   at WatiN.Core.Document.get_Url()
   at WatiN.Core.Element.get_NativeElement()
   at WatiN.Core.Element.GetAttributeValueImpl(String attributeName)
   at WatiN.Core.Component.GetAttributeValue(String attributeName)
   at WatiN.Core.Element.get_Id()
   at WatiN.Core.Element.get_IdOrName()
   at WatiN.Core.TextField.TypeText(String value)
   at CarbonFitnessTest.CreateUserTest.testCreateUser() in C:\Users\Mikael Kjellqvist\Documents\Visual Studio 2008\Projects\CarbonFitness\CarbonFitnessTest\CreateUserTest.cs:line 20
</StackTrace>
        </ErrorInfo>
      </Output>
    </UnitTestResult>
  </Results>
</TestRun>