<?xml version="1.0" encoding="UTF-8"?>
<TestRun id="202535f1-7851-4b26-9f70-6cd0fc7c777c" name="Mikael Kjellqvist@KONSULTPC-O4 2010-02-04 10:09:18" runUser="AVEGA\Mikael Kjellqvist" xmlns="http://microsoft.com/schemas/VisualStudio/TeamTest/2006">
  <TestRunConfiguration name="Local Test Run" id="263b826b-195b-4e65-a471-0230468b937e">
    <Description>This is a default test run configuration for a local test run.</Description>
    <Deployment runDeploymentRoot="C:\Users\Mikael Kjellqvist\Documents\Visual Studio 2008\Projects\CarbonFitness\TestResults\Mikael Kjellqvist_KONSULTPC-O4 2010-02-04 10_09_18">
      <DeploymentItem filename="C:\Users\Mikael Kjellqvist\Desktop\WatiN-2.0.20.1089-net-2.0\Bin\WatiN.Core.dll" />
      <DeploymentItem filename="C:\Users\Mikael Kjellqvist\Documents\Visual Studio 2008\Projects\CarbonFitness\CarbonFitness\bin\Debug\CarbonFitness.dll" />
    </Deployment>
    <TestTypeSpecific />
  </TestRunConfiguration>
  <ResultSummary outcome="Failed">
    <Counters total="3" executed="3" passed="1" error="0" failed="2" timeout="0" aborted="0" inconclusive="0" passedButRunAborted="0" notRunnable="0" notExecuted="0" disconnected="0" warning="0" completed="0" inProgress="0" pending="0" />
  </ResultSummary>
  <Times creation="2010-02-04T10:09:18.5293499+01:00" queuing="2010-02-04T10:09:18.7043324+01:00" start="2010-02-04T10:09:18.7493279+01:00" finish="2010-02-04T10:09:38.9783048+01:00" />
  <TestDefinitions>
    <UnitTest name="Create" storage="c:\users\mikael kjellqvist\documents\visual studio 2008\projects\carbonfitness\carbonfitnesstest\bin\debug\carbonfitnesstest.dll" id="3907d053-16e9-39c2-3bcd-dd20a5b26acf">
      <Css projectStructure="" iteration="" />
      <Owners>
        <Owner name="" />
      </Owners>
      <Execution id="a54a7477-24bc-4a22-a8ba-14009e35232a" />
      <TestMethod codeBase="C:\Users\Mikael Kjellqvist\Documents\Visual Studio 2008\Projects\CarbonFitness\CarbonFitnessTest\bin\Debug\CarbonFitnessTest.dll" adapterTypeName="Microsoft.VisualStudio.TestTools.TestTypes.Unit.UnitTestAdapter, Microsoft.VisualStudio.QualityTools.Tips.UnitTest.Adapter, Version=9.0.0.0, Culture=neutral, PublicKeyToken=b03f5f7f11d50a3a" className="CarbonFitnessTest.Test.UserRepositoryTest, CarbonFitnessTest" name="Create" />
    </UnitTest>
    <UnitTest name="testCreateUser" storage="c:\users\mikael kjellqvist\documents\visual studio 2008\projects\carbonfitness\carbonfitnesstest\bin\debug\carbonfitnesstest.dll" id="c1831fc4-5849-5d6e-49e7-f6153823c110">
      <Css projectStructure="" iteration="" />
      <Owners>
        <Owner name="" />
      </Owners>
      <Execution id="7aed0574-058e-474b-bafc-0b157e6931e6" />
      <TestMethod codeBase="C:\Users\Mikael Kjellqvist\Documents\Visual Studio 2008\Projects\CarbonFitness\CarbonFitnessTest\bin\Debug\CarbonFitnessTest.dll" adapterTypeName="Microsoft.VisualStudio.TestTools.TestTypes.Unit.UnitTestAdapter, Microsoft.VisualStudio.QualityTools.Tips.UnitTest.Adapter, Version=9.0.0.0, Culture=neutral, PublicKeyToken=b03f5f7f11d50a3a" className="CarbonFitnessTest.CreateUserTest, CarbonFitnessTest" name="testCreateUser" />
    </UnitTest>
    <UnitTest name="testCreateUserPage" storage="c:\users\mikael kjellqvist\documents\visual studio 2008\projects\carbonfitness\carbonfitnesstest\bin\debug\carbonfitnesstest.dll" id="f5128b1d-7566-980a-1ce7-b2b05754fa0b">
      <Css projectStructure="" iteration="" />
      <Owners>
        <Owner name="" />
      </Owners>
      <Execution id="d2cd789c-2b7c-47d0-be83-aebbc9b3a554" />
      <TestMethod codeBase="C:\Users\Mikael Kjellqvist\Documents\Visual Studio 2008\Projects\CarbonFitness\CarbonFitnessTest\bin\Debug\CarbonFitnessTest.dll" adapterTypeName="Microsoft.VisualStudio.TestTools.TestTypes.Unit.UnitTestAdapter, Microsoft.VisualStudio.QualityTools.Tips.UnitTest.Adapter, Version=9.0.0.0, Culture=neutral, PublicKeyToken=b03f5f7f11d50a3a" className="CarbonFitnessTest.CreateUserTest, CarbonFitnessTest" name="testCreateUserPage" />
    </UnitTest>
  </TestDefinitions>
  <TestLists>
    <TestList name="Results Not in a List" id="8c84fa94-04c1-424b-9868-57a2d4851a1d" />
    <TestList name="All Loaded Results" id="19431567-8539-422a-85d7-44ee4e166bda" />
  </TestLists>
  <TestEntries>
    <TestEntry testId="3907d053-16e9-39c2-3bcd-dd20a5b26acf" executionId="a54a7477-24bc-4a22-a8ba-14009e35232a" testListId="8c84fa94-04c1-424b-9868-57a2d4851a1d" />
    <TestEntry testId="c1831fc4-5849-5d6e-49e7-f6153823c110" executionId="7aed0574-058e-474b-bafc-0b157e6931e6" testListId="8c84fa94-04c1-424b-9868-57a2d4851a1d" />
    <TestEntry testId="f5128b1d-7566-980a-1ce7-b2b05754fa0b" executionId="d2cd789c-2b7c-47d0-be83-aebbc9b3a554" testListId="8c84fa94-04c1-424b-9868-57a2d4851a1d" />
  </TestEntries>
  <Results>
    <UnitTestResult executionId="a54a7477-24bc-4a22-a8ba-14009e35232a" testId="3907d053-16e9-39c2-3bcd-dd20a5b26acf" testName="Create" computerName="KONSULTPC-O4" duration="00:00:00.0135806" startTime="2010-02-04T10:09:18.8603168+01:00" endTime="2010-02-04T10:09:18.9333095+01:00" testType="13cdc9d9-ddb5-4fa4-a97d-d965ccfc6d4b" outcome="Passed" testListId="8c84fa94-04c1-424b-9868-57a2d4851a1d">
      <Output>
      </Output>
    </UnitTestResult>
    <UnitTestResult executionId="7aed0574-058e-474b-bafc-0b157e6931e6" testId="c1831fc4-5849-5d6e-49e7-f6153823c110" testName="testCreateUser" computerName="KONSULTPC-O4" duration="00:00:00.0017983" startTime="2010-02-04T10:09:18.9333095+01:00" endTime="2010-02-04T10:09:18.9393089+01:00" testType="13cdc9d9-ddb5-4fa4-a97d-d965ccfc6d4b" outcome="Failed" testListId="8c84fa94-04c1-424b-9868-57a2d4851a1d">
      <Output>
        <ErrorInfo>
          <Message>Test method CarbonFitnessTest.CreateUserTest.testCreateUser threw exception:  System.NullReferenceException: Object reference not set to an instance of an object..</Message>
          <StackTrace>    at CarbonFitnessTest.CreateUserTest.testCreateUser() in C:\Users\Mikael Kjellqvist\Documents\Visual Studio 2008\Projects\CarbonFitness\CarbonFitnessTest\Integration\CreateUserTest.cs:line 38
</StackTrace>
        </ErrorInfo>
      </Output>
    </UnitTestResult>
    <UnitTestResult executionId="d2cd789c-2b7c-47d0-be83-aebbc9b3a554" testId="f5128b1d-7566-980a-1ce7-b2b05754fa0b" testName="testCreateUserPage" computerName="KONSULTPC-O4" duration="00:00:19.9862103" startTime="2010-02-04T10:09:18.9403088+01:00" endTime="2010-02-04T10:09:38.9363090+01:00" testType="13cdc9d9-ddb5-4fa4-a97d-d965ccfc6d4b" outcome="Failed" testListId="8c84fa94-04c1-424b-9868-57a2d4851a1d">
      <Output>
        <ErrorInfo>
          <Message>Test method CarbonFitnessTest.CreateUserTest.testCreateUserPage threw exception:  System.Runtime.InteropServices.COMException: The RPC server is unavailable. (Exception from HRESULT: 0x800706BA).</Message>
          <StackTrace>    at SHDocVw.InternetExplorerClass.set_Visible(Boolean pBool)
   at WatiN.Core.Native.InternetExplorer.IEBrowser.set_Visible(Boolean value)
   at WatiN.Core.IE.FinishInitialization(Uri uri)
   at WatiN.Core.IE.CreateNewIEAndGoToUri(Uri uri, IDialogHandler logonDialogHandler, Boolean createInNewProcess)
   at WatiN.Core.IE..ctor(String url)
   at CarbonFitnessTest.CreateUserTest.testCreateUserPage() in C:\Users\Mikael Kjellqvist\Documents\Visual Studio 2008\Projects\CarbonFitness\CarbonFitnessTest\Integration\CreateUserTest.cs:line 19
</StackTrace>
        </ErrorInfo>
      </Output>
    </UnitTestResult>
  </Results>
</TestRun>