<?xml version="1.0" encoding="UTF-8"?>
<TestRun id="bdf37db4-3323-4001-af2b-ed5f64e8f7c8" name="Mikael Kjellqvist@KONSULTPC-O4 2010-02-03 15:52:26" runUser="AVEGA\Mikael Kjellqvist" xmlns="http://microsoft.com/schemas/VisualStudio/TeamTest/2006">
  <TestRunConfiguration name="Local Test Run" id="263b826b-195b-4e65-a471-0230468b937e">
    <Description>This is a default test run configuration for a local test run.</Description>
    <Deployment runDeploymentRoot="C:\Users\Mikael Kjellqvist\Documents\Visual Studio 2008\Projects\CarbonFitness\TestResults\Mikael Kjellqvist_KONSULTPC-O4 2010-02-03 15_52_26">
      <DeploymentItem filename="C:\Users\Mikael Kjellqvist\Desktop\WatiN-2.0.20.1089-net-2.0\Bin\WatiN.Core.dll" />
      <DeploymentItem filename="C:\Users\Mikael Kjellqvist\Documents\Visual Studio 2008\Projects\CarbonFitness\CarbonFitness\bin\Debug\CarbonFitness.dll" />
    </Deployment>
    <TestTypeSpecific />
  </TestRunConfiguration>
  <ResultSummary outcome="Failed">
    <Counters total="1" executed="1" error="0" failed="1" timeout="0" aborted="0" inconclusive="0" passedButRunAborted="0" notRunnable="0" notExecuted="0" disconnected="0" warning="0" passed="0" completed="0" inProgress="0" pending="0" />
  </ResultSummary>
  <Times creation="2010-02-03T15:52:26.1909140+01:00" queuing="2010-02-03T15:52:26.5839140+01:00" start="2010-02-03T15:52:26.7499140+01:00" finish="2010-02-03T15:52:27.0659140+01:00" />
  <TestDefinitions>
    <UnitTest name="testCreateUser" storage="c:\users\mikael kjellqvist\documents\visual studio 2008\projects\carbonfitness\carbonfitnesstest\bin\debug\carbonfitnesstest.dll" id="c1831fc4-5849-5d6e-49e7-f6153823c110">
      <Css projectStructure="" iteration="" />
      <Owners>
        <Owner name="" />
      </Owners>
      <Execution id="1919b2b1-8d59-46d6-bb85-490b3a5bf21a" />
      <TestMethod codeBase="C:\Users\Mikael Kjellqvist\Documents\Visual Studio 2008\Projects\CarbonFitness\CarbonFitnessTest\bin\Debug\CarbonFitnessTest.dll" adapterTypeName="Microsoft.VisualStudio.TestTools.TestTypes.Unit.UnitTestAdapter, Microsoft.VisualStudio.QualityTools.Tips.UnitTest.Adapter, Version=9.0.0.0, Culture=neutral, PublicKeyToken=b03f5f7f11d50a3a" className="CarbonFitnessTest.CreateUserTest, CarbonFitnessTest" name="testCreateUser" />
    </UnitTest>
  </TestDefinitions>
  <TestLists>
    <TestList name="Results Not in a List" id="8c84fa94-04c1-424b-9868-57a2d4851a1d" />
    <TestList name="All Loaded Results" id="19431567-8539-422a-85d7-44ee4e166bda" />
  </TestLists>
  <TestEntries>
    <TestEntry testId="c1831fc4-5849-5d6e-49e7-f6153823c110" executionId="1919b2b1-8d59-46d6-bb85-490b3a5bf21a" testListId="8c84fa94-04c1-424b-9868-57a2d4851a1d" />
  </TestEntries>
  <Results>
    <UnitTestResult executionId="1919b2b1-8d59-46d6-bb85-490b3a5bf21a" testId="c1831fc4-5849-5d6e-49e7-f6153823c110" testName="testCreateUser" computerName="KONSULTPC-O4" duration="00:00:00.0624447" startTime="2010-02-03T15:52:26.8089140+01:00" endTime="2010-02-03T15:52:27.0109140+01:00" testType="13cdc9d9-ddb5-4fa4-a97d-d965ccfc6d4b" outcome="Failed" testListId="8c84fa94-04c1-424b-9868-57a2d4851a1d">
      <Output>
        <ErrorInfo>
          <Message>Test method CarbonFitnessTest.CreateUserTest.testCreateUser threw exception:  WatiN.Core.Native.Mozilla.FireFoxException: Unable to determine the current version of FireFox tried looking in the registry and the common locations on disk, please make sure you have installed FireFox and Jssh correctly.</Message>
          <StackTrace>    at WatiN.Core.FireFox.GetExecutablePath()
   at WatiN.Core.FireFox.get_PathToExe()
   at WatiN.Core.FireFox.CreateProcess(String arguments, Boolean waitForMainWindow)
   at WatiN.Core.Native.Mozilla.FireFoxClientPort.CreateNewFireFoxInstance(String url)
   at WatiN.Core.Native.Mozilla.FireFoxClientPort.Connect(String url, Boolean createNewFireFoxInstance)
   at WatiN.Core.Native.Mozilla.FireFoxClientPort.Connect(String url)
   at WatiN.Core.FireFox.CreateFireFoxInstance(String url)
   at WatiN.Core.FireFox..ctor(Uri uri)
   at WatiN.Core.FireFox..ctor(String url)
   at CarbonFitnessTest.CreateUserTest.testCreateUser() in C:\Users\Mikael Kjellqvist\Documents\Visual Studio 2008\Projects\CarbonFitness\CarbonFitnessTest\CreateUserTest.cs:line 18
</StackTrace>
        </ErrorInfo>
      </Output>
    </UnitTestResult>
  </Results>
</TestRun>